# JRE version: Java(TM) SE Runtime Environment (17.0.8+9) (build 17.0.8+9-LTS-211)
# Java VM: Java HotSpot(TM) 64-Bit Server VM (17.0.8+9-LTS-211, mixed mode, sharing, tiered, compressed oops, compressed class ptrs, g1 gc, windows-amd64)
GC Precious Log:
 CPUs: 4 total, 4 available
 Memory: 3952M
 Large Page Support: Disabled
 NUMA Support: Disabled
 Compressed Oops: Enabled (32-bit)
 Heap Region Size: 1M
 Heap Min Capacity: 8M
 Heap Initial Capacity: 62M
 Heap Max Capacity: 990M
 Pre-touch: Disabled
 Parallel Workers: 4
 Concurrent Workers: 1
 Concurrent Refinement Workers: 4
 Periodic GC: Disabled
Heap:
 garbage-first heap   total 49152K, used 22690K [0x00000000c2200000, 0x0000000100000000)
  region size 1024K, 2 young (2048K), 2 survivors (2048K)
 Metaspace       used 29903K, committed 30208K, reserved 1114112K
  class space    used 3492K, committed 3648K, reserved 1048576K
GC Heap History (20 events):
Event: 4.673 GC heap after
{Heap after GC invocations=2 (full 0):
 garbage-first heap   total 63488K, used 4658K [0x00000000c2200000, 0x0000000100000000)
  region size 1024K, 1 young (1024K), 1 survivors (1024K)
 Metaspace       used 6012K, committed 6272K, reserved 1114112K
  class space    used 705K, committed 832K, reserved 1048576K
}
Event: 6.130 GC heap before
{Heap before GC invocations=2 (full 0):
 garbage-first heap   total 63488K, used 28210K [0x00000000c2200000, 0x0000000100000000)
  region size 1024K, 24 young (24576K), 1 survivors (1024K)
 Metaspace       used 8663K, committed 8896K, reserved 1114112K
  class space    used 1027K, committed 1152K, reserved 1048576K
}
Event: 6.136 GC heap after
{Heap after GC invocations=3 (full 0):
 garbage-first heap   total 63488K, used 5413K [0x00000000c2200000, 0x0000000100000000)
  region size 1024K, 2 young (2048K), 2 survivors (2048K)
 Metaspace       used 8663K, committed 8896K, reserved 1114112K
  class space    used 1027K, committed 1152K, reserved 1048576K
}
Event: 9.674 GC heap before
{Heap before GC invocations=3 (full 0):
 garbage-first heap   total 63488K, used 41253K [0x00000000c2200000, 0x0000000100000000)
  region size 1024K, 37 young (37888K), 2 survivors (2048K)
 Metaspace       used 15239K, committed 15424K, reserved 1114112K
  class space    used 1837K, committed 1920K, reserved 1048576K
}
Event: 9.692 GC heap after
{Heap after GC invocations=4 (full 0):
 garbage-first heap   total 63488K, used 8361K [0x00000000c2200000, 0x0000000100000000)
  region size 1024K, 5 young (5120K), 5 survivors (5120K)
 Metaspace       used 15239K, committed 15424K, reserved 1114112K
  class space    used 1837K, committed 1920K, reserved 1048576K
}
Event: 11.831 GC heap before
{Heap before GC invocations=4 (full 0):
 garbage-first heap   total 75776K, used 54441K [0x00000000c2200000, 0x0000000100000000)
  region size 1024K, 31 young (31744K), 5 survivors (5120K)
 Metaspace       used 16767K, committed 17024K, reserved 1114112K
  class space    used 1994K, committed 2112K, reserved 1048576K
}
Event: 11.856 GC heap after
{Heap after GC invocations=5 (full 0):
 garbage-first heap   total 75776K, used 30729K [0x00000000c2200000, 0x0000000100000000)
  region size 1024K, 2 young (2048K), 2 survivors (2048K)
 Metaspace       used 16767K, committed 17024K, reserved 1114112K
  class space    used 1994K, committed 2112K, reserved 1048576K
}
Event: 13.484 GC heap before
{Heap before GC invocations=5 (full 0):
 garbage-first heap   total 75776K, used 67593K [0x00000000c2200000, 0x0000000100000000)
  region size 1024K, 27 young (27648K), 2 survivors (2048K)
 Metaspace       used 17190K, committed 17408K, reserved 1114112K
  class space    used 2006K, committed 2112K, reserved 1048576K
}
Event: 13.493 GC heap after
{Heap after GC invocations=6 (full 0):
 garbage-first heap   total 75776K, used 11498K [0x00000000c2200000, 0x0000000100000000)
  region size 1024K, 4 young (4096K), 4 survivors (4096K)
 Metaspace       used 17190K, committed 17408K, reserved 1114112K
  class space    used 2006K, committed 2112K, reserved 1048576K
}
Event: 14.834 GC heap before
{Heap before GC invocations=6 (full 0):
 garbage-first heap   total 75776K, used 22762K [0x00000000c2200000, 0x0000000100000000)
  region size 1024K, 16 young (16384K), 4 survivors (4096K)
 Metaspace       used 21224K, committed 21504K, reserved 1114112K
  class space    used 2521K, committed 2688K, reserved 1048576K
}
Event: 14.846 GC heap after
{Heap after GC invocations=7 (full 0):
 garbage-first heap   total 75776K, used 12960K [0x00000000c2200000, 0x0000000100000000)
  region size 1024K, 3 young (3072K), 3 survivors (3072K)
 Metaspace       used 21224K, committed 21504K, reserved 1114112K
  class space    used 2521K, committed 2688K, reserved 1048576K
}
Event: 16.832 GC heap before
{Heap before GC invocations=8 (full 0):
 garbage-first heap   total 48128K, used 38560K [0x00000000c2200000, 0x0000000100000000)
  region size 1024K, 28 young (28672K), 3 survivors (3072K)
 Metaspace       used 26537K, committed 26752K, reserved 1114112K
  class space    used 3089K, committed 3200K, reserved 1048576K
}
Event: 16.855 GC heap after
{Heap after GC invocations=9 (full 0):
 garbage-first heap   total 49152K, used 19403K [0x00000000c2200000, 0x0000000100000000)
  region size 1024K, 4 young (4096K), 4 survivors (4096K)
 Metaspace       used 26537K, committed 26752K, reserved 1114112K
  class space    used 3089K, committed 3200K, reserved 1048576K
}
Event: 17.581 GC heap before
{Heap before GC invocations=9 (full 0):
 garbage-first heap   total 49152K, used 34763K [0x00000000c2200000, 0x0000000100000000)
  region size 1024K, 20 young (20480K), 4 survivors (4096K)
 Metaspace       used 27185K, committed 27520K, reserved 1114112K
  class space    used 3148K, committed 3328K, reserved 1048576K
}
Event: 17.598 GC heap after
{Heap after GC invocations=10 (full 0):
 garbage-first heap   total 49152K, used 20585K [0x00000000c2200000, 0x0000000100000000)
  region size 1024K, 2 young (2048K), 2 survivors (2048K)
 Metaspace       used 27185K, committed 27520K, reserved 1114112K
  class space    used 3148K, committed 3328K, reserved 1048576K
}
Event: 18.743 GC heap before
{Heap before GC invocations=10 (full 0):
 garbage-first heap   total 49152K, used 35945K [0x00000000c2200000, 0x0000000100000000)
  region size 1024K, 18 young (18432K), 2 survivors (2048K)
 Metaspace       used 28322K, committed 28672K, reserved 1114112K
  class space    used 3252K, committed 3392K, reserved 1048576K
}
Event: 18.752 GC heap after
{Heap after GC invocations=11 (full 0):
 garbage-first heap   total 49152K, used 21468K [0x00000000c2200000, 0x0000000100000000)
  region size 1024K, 3 young (3072K), 3 survivors (3072K)
 Metaspace       used 28322K, committed 28672K, reserved 1114112K
  class space    used 3252K, committed 3392K, reserved 1048576K
}
Event: 19.454 GC heap before
{Heap before GC invocations=11 (full 0):
 garbage-first heap   total 49152K, used 36828K [0x00000000c2200000, 0x0000000100000000)
  region size 1024K, 18 young (18432K), 3 survivors (3072K)
 Metaspace       used 29324K, committed 29696K, reserved 1114112K
  class space    used 3420K, committed 3584K, reserved 1048576K
}
Event: 19.462 GC heap after
{Heap after GC invocations=12 (full 0):
 garbage-first heap   total 49152K, used 22247K [0x00000000c2200000, 0x0000000100000000)
  region size 1024K, 2 young (2048K), 2 survivors (2048K)
 Metaspace       used 29324K, committed 29696K, reserved 1114112K
  class space    used 3420K, committed 3584K, reserved 1048576K
}
Event: 19.716 GC heap before
{Heap before GC invocations=12 (full 0):
 garbage-first heap   total 49152K, used 25319K [0x00000000c2200000, 0x0000000100000000)
  region size 1024K, 6 young (6144K), 2 survivors (2048K)
 Metaspace       used 29903K, committed 30208K, reserved 1114112K
  class space    used 3492K, committed 3648K, reserved 1048576K
}

